2014/08/11 15:40:50 [error] [exception.CHttpException.404] exception 'CHttpException' with message 'Unable to resolve the request "robots.txt".' in /home/psadm2014/public_html/theantiagingplan.com/framework/web/CWebApplication.php:286
Stack trace:
#0 /home/psadm2014/public_html/theantiagingplan.com/framework/web/CWebApplication.php(141): CWebApplication->runController('robots.txt')
#1 /home/psadm2014/public_html/theantiagingplan.com/framework/base/CApplication.php(169): CWebApplication->processRequest()
#2 /home/psadm2014/public_html/theantiagingplan.com/index.php(13): CApplication->run()
#3 {main}
REQUEST_URI=/robots.txt
---
2014/08/11 23:18:03 [error] [exception.CHttpException.404] exception 'CHttpException' with message 'Unable to resolve the request "robots.txt".' in /home/psadm2014/public_html/theantiagingplan.com/framework/web/CWebApplication.php:286
Stack trace:
#0 /home/psadm2014/public_html/theantiagingplan.com/framework/web/CWebApplication.php(141): CWebApplication->runController('robots.txt')
#1 /home/psadm2014/public_html/theantiagingplan.com/framework/base/CApplication.php(169): CWebApplication->processRequest()
#2 /home/psadm2014/public_html/theantiagingplan.com/index.php(13): CApplication->run()
#3 {main}
REQUEST_URI=/robots.txt
---
2014/08/12 02:52:16 [error] [exception.CHttpException.404] exception 'CHttpException' with message 'Unable to resolve the request "robots.txt".' in /home/psadm2014/public_html/theantiagingplan.com/framework/web/CWebApplication.php:286
Stack trace:
#0 /home/psadm2014/public_html/theantiagingplan.com/framework/web/CWebApplication.php(141): CWebApplication->runController('robots.txt')
#1 /home/psadm2014/public_html/theantiagingplan.com/framework/base/CApplication.php(169): CWebApplication->processRequest()
#2 /home/psadm2014/public_html/theantiagingplan.com/index.php(13): CApplication->run()
#3 {main}
REQUEST_URI=/robots.txt
---
2014/08/12 11:14:11 [error] [exception.CHttpException.404] exception 'CHttpException' with message 'Unable to resolve the request "robots.txt".' in /home/psadm2014/public_html/theantiagingplan.com/framework/web/CWebApplication.php:286
Stack trace:
#0 /home/psadm2014/public_html/theantiagingplan.com/framework/web/CWebApplication.php(141): CWebApplication->runController('robots.txt')
#1 /home/psadm2014/public_html/theantiagingplan.com/framework/base/CApplication.php(169): CWebApplication->processRequest()
#2 /home/psadm2014/public_html/theantiagingplan.com/index.php(13): CApplication->run()
#3 {main}
REQUEST_URI=/robots.txt
---
2014/08/12 15:16:38 [error] [exception.CHttpException.404] exception 'CHttpException' with message 'Unable to resolve the request "robots.txt".' in /home/psadm2014/public_html/theantiagingplan.com/framework/web/CWebApplication.php:286
Stack trace:
#0 /home/psadm2014/public_html/theantiagingplan.com/framework/web/CWebApplication.php(141): CWebApplication->runController('robots.txt')
#1 /home/psadm2014/public_html/theantiagingplan.com/framework/base/CApplication.php(169): CWebApplication->processRequest()
#2 /home/psadm2014/public_html/theantiagingplan.com/index.php(13): CApplication->run()
#3 {main}
REQUEST_URI=/robots.txt
---
2014/08/13 04:02:49 [error] [exception.CHttpException.404] exception 'CHttpException' with message 'Unable to resolve the request "robots.txt".' in /home/psadm2014/public_html/theantiagingplan.com/framework/web/CWebApplication.php:286
Stack trace:
#0 /home/psadm2014/public_html/theantiagingplan.com/framework/web/CWebApplication.php(141): CWebApplication->runController('robots.txt')
#1 /home/psadm2014/public_html/theantiagingplan.com/framework/base/CApplication.php(169): CWebApplication->processRequest()
#2 /home/psadm2014/public_html/theantiagingplan.com/index.php(13): CApplication->run()
#3 {main}
REQUEST_URI=/robots.txt
---
2014/08/13 08:02:24 [error] [exception.CHttpException.404] exception 'CHttpException' with message 'Unable to resolve the request "robots.txt".' in /home/psadm2014/public_html/theantiagingplan.com/framework/web/CWebApplication.php:286
Stack trace:
#0 /home/psadm2014/public_html/theantiagingplan.com/framework/web/CWebApplication.php(141): CWebApplication->runController('robots.txt')
#1 /home/psadm2014/public_html/theantiagingplan.com/framework/base/CApplication.php(169): CWebApplication->processRequest()
#2 /home/psadm2014/public_html/theantiagingplan.com/index.php(13): CApplication->run()
#3 {main}
REQUEST_URI=/robots.txt
---
2014/08/13 14:14:24 [error] [exception.CHttpException.404] exception 'CHttpException' with message 'Unable to resolve the request "robots.txt".' in /home/psadm2014/public_html/theantiagingplan.com/framework/web/CWebApplication.php:286
Stack trace:
#0 /home/psadm2014/public_html/theantiagingplan.com/framework/web/CWebApplication.php(141): CWebApplication->runController('robots.txt')
#1 /home/psadm2014/public_html/theantiagingplan.com/framework/base/CApplication.php(169): CWebApplication->processRequest()
#2 /home/psadm2014/public_html/theantiagingplan.com/index.php(13): CApplication->run()
#3 {main}
REQUEST_URI=/robots.txt
---
2014/08/13 18:21:54 [error] [exception.CHttpException.404] exception 'CHttpException' with message 'Unable to resolve the request "Fckeditor/editor/filemanager/browser/default/connectors/test.html".' in /home/psadm2014/public_html/theantiagingplan.com/framework/web/CWebApplication.php:286
Stack trace:
#0 /home/psadm2014/public_html/theantiagingplan.com/framework/web/CWebApplication.php(141): CWebApplication->runController('Fckeditor/edito...')
#1 /home/psadm2014/public_html/theantiagingplan.com/framework/base/CApplication.php(169): CWebApplication->processRequest()
#2 /home/psadm2014/public_html/theantiagingplan.com/index.php(13): CApplication->run()
#3 {main}
REQUEST_URI=/Fckeditor/editor/filemanager/browser/default/connectors/test.html
---
2014/08/13 18:21:54 [error] [exception.CHttpException.404] exception 'CHttpException' with message 'Unable to resolve the request "admin/fckeditor/editor/filemanager/browser/default/connectors/test.html".' in /home/psadm2014/public_html/theantiagingplan.com/framework/web/CWebApplication.php:286
Stack trace:
#0 /home/psadm2014/public_html/theantiagingplan.com/framework/web/CWebApplication.php(141): CWebApplication->runController('admin/fckeditor...')
#1 /home/psadm2014/public_html/theantiagingplan.com/framework/base/CApplication.php(169): CWebApplication->processRequest()
#2 /home/psadm2014/public_html/theantiagingplan.com/index.php(13): CApplication->run()
#3 {main}
REQUEST_URI=/admin/fckeditor/editor/filemanager/browser/default/connectors/test.html
---
2014/08/13 18:21:54 [error] [exception.CHttpException.404] exception 'CHttpException' with message 'Unable to resolve the request "editor/editor/filemanager/browser/default/connectors/test.html".' in /home/psadm2014/public_html/theantiagingplan.com/framework/web/CWebApplication.php:286
Stack trace:
#0 /home/psadm2014/public_html/theantiagingplan.com/framework/web/CWebApplication.php(141): CWebApplication->runController('editor/editor/f...')
#1 /home/psadm2014/public_html/theantiagingplan.com/framework/base/CApplication.php(169): CWebApplication->processRequest()
#2 /home/psadm2014/public_html/theantiagingplan.com/index.php(13): CApplication->run()
#3 {main}
REQUEST_URI=/editor/editor/filemanager/browser/default/connectors/test.html
---
2014/08/13 18:21:54 [error] [exception.CHttpException.404] exception 'CHttpException' with message 'Unable to resolve the request "FCKeditor/editor/filemanager/connectors/uploadtest.html".' in /home/psadm2014/public_html/theantiagingplan.com/framework/web/CWebApplication.php:286
Stack trace:
#0 /home/psadm2014/public_html/theantiagingplan.com/framework/web/CWebApplication.php(141): CWebApplication->runController('FCKeditor/edito...')
#1 /home/psadm2014/public_html/theantiagingplan.com/framework/base/CApplication.php(169): CWebApplication->processRequest()
#2 /home/psadm2014/public_html/theantiagingplan.com/index.php(13): CApplication->run()
#3 {main}
REQUEST_URI=/FCKeditor/editor/filemanager/connectors/uploadtest.html
---
2014/08/13 18:21:54 [error] [exception.CHttpException.404] exception 'CHttpException' with message 'Unable to resolve the request "admin/fckeditor/editor/filemanager/browser/default/connectors/uploadtest.html".' in /home/psadm2014/public_html/theantiagingplan.com/framework/web/CWebApplication.php:286
Stack trace:
#0 /home/psadm2014/public_html/theantiagingplan.com/framework/web/CWebApplication.php(141): CWebApplication->runController('admin/fckeditor...')
#1 /home/psadm2014/public_html/theantiagingplan.com/framework/base/CApplication.php(169): CWebApplication->processRequest()
#2 /home/psadm2014/public_html/theantiagingplan.com/index.php(13): CApplication->run()
#3 {main}
REQUEST_URI=/admin/fckeditor/editor/filemanager/browser/default/connectors/uploadtest.html
---
2014/08/13 18:21:55 [error] [exception.CHttpException.404] exception 'CHttpException' with message 'Unable to resolve the request "editor/editor/filemanager/browser/default/connectors/uploadtest.html".' in /home/psadm2014/public_html/theantiagingplan.com/framework/web/CWebApplication.php:286
Stack trace:
#0 /home/psadm2014/public_html/theantiagingplan.com/framework/web/CWebApplication.php(141): CWebApplication->runController('editor/editor/f...')
#1 /home/psadm2014/public_html/theantiagingplan.com/framework/base/CApplication.php(169): CWebApplication->processRequest()
#2 /home/psadm2014/public_html/theantiagingplan.com/index.php(13): CApplication->run()
#3 {main}
REQUEST_URI=/editor/editor/filemanager/browser/default/connectors/uploadtest.html
---
2014/08/13 19:35:19 [error] [exception.CHttpException.404] exception 'CHttpException' with message 'Unable to resolve the request "robots.txt".' in /home/psadm2014/public_html/theantiagingplan.com/framework/web/CWebApplication.php:286
Stack trace:
#0 /home/psadm2014/public_html/theantiagingplan.com/framework/web/CWebApplication.php(141): CWebApplication->runController('robots.txt')
#1 /home/psadm2014/public_html/theantiagingplan.com/framework/base/CApplication.php(169): CWebApplication->processRequest()
#2 /home/psadm2014/public_html/theantiagingplan.com/index.php(13): CApplication->run()
#3 {main}
REQUEST_URI=/robots.txt
---
2014/08/14 07:33:59 [error] [exception.CHttpException.404] exception 'CHttpException' with message 'Unable to resolve the request "robots.txt".' in /home/psadm2014/public_html/theantiagingplan.com/framework/web/CWebApplication.php:286
Stack trace:
#0 /home/psadm2014/public_html/theantiagingplan.com/framework/web/CWebApplication.php(141): CWebApplication->runController('robots.txt')
#1 /home/psadm2014/public_html/theantiagingplan.com/framework/base/CApplication.php(169): CWebApplication->processRequest()
#2 /home/psadm2014/public_html/theantiagingplan.com/index.php(13): CApplication->run()
#3 {main}
REQUEST_URI=/robots.txt
---
2014/08/14 11:59:35 [error] [exception.CHttpException.404] exception 'CHttpException' with message 'Unable to resolve the request "robots.txt".' in /home/psadm2014/public_html/theantiagingplan.com/framework/web/CWebApplication.php:286
Stack trace:
#0 /home/psadm2014/public_html/theantiagingplan.com/framework/web/CWebApplication.php(141): CWebApplication->runController('robots.txt')
#1 /home/psadm2014/public_html/theantiagingplan.com/framework/base/CApplication.php(169): CWebApplication->processRequest()
#2 /home/psadm2014/public_html/theantiagingplan.com/index.php(13): CApplication->run()
#3 {main}
REQUEST_URI=/robots.txt
---
2014/08/14 12:34:24 [error] [exception.CHttpException.404] exception 'CHttpException' with message 'Unable to resolve the request "robots.txt".' in /home/psadm2014/public_html/theantiagingplan.com/framework/web/CWebApplication.php:286
Stack trace:
#0 /home/psadm2014/public_html/theantiagingplan.com/framework/web/CWebApplication.php(141): CWebApplication->runController('robots.txt')
#1 /home/psadm2014/public_html/theantiagingplan.com/framework/base/CApplication.php(169): CWebApplication->processRequest()
#2 /home/psadm2014/public_html/theantiagingplan.com/index.php(13): CApplication->run()
#3 {main}
REQUEST_URI=/robots.txt
---
2014/08/14 12:44:21 [error] [exception.CHttpException.404] exception 'CHttpException' with message 'Unable to resolve the request "robots.txt".' in /home/psadm2014/public_html/theantiagingplan.com/framework/web/CWebApplication.php:286
Stack trace:
#0 /home/psadm2014/public_html/theantiagingplan.com/framework/web/CWebApplication.php(141): CWebApplication->runController('robots.txt')
#1 /home/psadm2014/public_html/theantiagingplan.com/framework/base/CApplication.php(169): CWebApplication->processRequest()
#2 /home/psadm2014/public_html/theantiagingplan.com/index.php(13): CApplication->run()
#3 {main}
REQUEST_URI=/robots.txt
---
2014/08/14 13:11:11 [error] [exception.CHttpException.404] exception 'CHttpException' with message 'Unable to resolve the request "robots.txt".' in /home/psadm2014/public_html/theantiagingplan.com/framework/web/CWebApplication.php:286
Stack trace:
#0 /home/psadm2014/public_html/theantiagingplan.com/framework/web/CWebApplication.php(141): CWebApplication->runController('robots.txt')
#1 /home/psadm2014/public_html/theantiagingplan.com/framework/base/CApplication.php(169): CWebApplication->processRequest()
#2 /home/psadm2014/public_html/theantiagingplan.com/index.php(13): CApplication->run()
#3 {main}
REQUEST_URI=/robots.txt
---
2014/08/14 14:48:57 [error] [exception.CHttpException.404] exception 'CHttpException' with message 'Unable to resolve the request "assets/js/html5shiv.js".' in /home/psadm2014/public_html/theantiagingplan.com/framework/web/CWebApplication.php:286
Stack trace:
#0 /home/psadm2014/public_html/theantiagingplan.com/framework/web/CWebApplication.php(141): CWebApplication->runController('assets/js/html5...')
#1 /home/psadm2014/public_html/theantiagingplan.com/framework/base/CApplication.php(169): CWebApplication->processRequest()
#2 /home/psadm2014/public_html/theantiagingplan.com/index.php(13): CApplication->run()
#3 {main}
REQUEST_URI=/assets/js/html5shiv.js
---
2014/08/14 20:13:53 [error] [exception.CHttpException.404] exception 'CHttpException' with message 'Unable to resolve the request "robots.txt".' in /home/psadm2014/public_html/theantiagingplan.com/framework/web/CWebApplication.php:286
Stack trace:
#0 /home/psadm2014/public_html/theantiagingplan.com/framework/web/CWebApplication.php(141): CWebApplication->runController('robots.txt')
#1 /home/psadm2014/public_html/theantiagingplan.com/framework/base/CApplication.php(169): CWebApplication->processRequest()
#2 /home/psadm2014/public_html/theantiagingplan.com/index.php(13): CApplication->run()
#3 {main}
REQUEST_URI=/robots.txt
---
2014/08/14 21:37:34 [error] [exception.CHttpException.404] exception 'CHttpException' with message 'Unable to resolve the request "robots.txt".' in /home/psadm2014/public_html/theantiagingplan.com/framework/web/CWebApplication.php:286
Stack trace:
#0 /home/psadm2014/public_html/theantiagingplan.com/framework/web/CWebApplication.php(141): CWebApplication->runController('robots.txt')
#1 /home/psadm2014/public_html/theantiagingplan.com/framework/base/CApplication.php(169): CWebApplication->processRequest()
#2 /home/psadm2014/public_html/theantiagingplan.com/index.php(13): CApplication->run()
#3 {main}
REQUEST_URI=/robots.txt
---
2014/08/14 23:29:00 [error] [exception.CHttpException.404] exception 'CHttpException' with message 'Unable to resolve the request "assets/js/html5shiv.js".' in /home/psadm2014/public_html/theantiagingplan.com/framework/web/CWebApplication.php:286
Stack trace:
#0 /home/psadm2014/public_html/theantiagingplan.com/framework/web/CWebApplication.php(141): CWebApplication->runController('assets/js/html5...')
#1 /home/psadm2014/public_html/theantiagingplan.com/framework/base/CApplication.php(169): CWebApplication->processRequest()
#2 /home/psadm2014/public_html/theantiagingplan.com/index.php(13): CApplication->run()
#3 {main}
REQUEST_URI=/assets/js/html5shiv.js
---
2014/08/14 23:33:26 [error] [exception.CHttpException.404] exception 'CHttpException' with message 'Unable to resolve the request "assets/js/html5shiv.js".' in /home/psadm2014/public_html/theantiagingplan.com/framework/web/CWebApplication.php:286
Stack trace:
#0 /home/psadm2014/public_html/theantiagingplan.com/framework/web/CWebApplication.php(141): CWebApplication->runController('assets/js/html5...')
#1 /home/psadm2014/public_html/theantiagingplan.com/framework/base/CApplication.php(169): CWebApplication->processRequest()
#2 /home/psadm2014/public_html/theantiagingplan.com/index.php(13): CApplication->run()
#3 {main}
REQUEST_URI=/assets/js/html5shiv.js
---
2014/08/15 05:19:57 [error] [exception.CHttpException.404] exception 'CHttpException' with message 'Unable to resolve the request "robots.txt".' in /home/psadm2014/public_html/theantiagingplan.com/framework/web/CWebApplication.php:286
Stack trace:
#0 /home/psadm2014/public_html/theantiagingplan.com/framework/web/CWebApplication.php(141): CWebApplication->runController('robots.txt')
#1 /home/psadm2014/public_html/theantiagingplan.com/framework/base/CApplication.php(169): CWebApplication->processRequest()
#2 /home/psadm2014/public_html/theantiagingplan.com/index.php(13): CApplication->run()
#3 {main}
REQUEST_URI=/robots.txt
---
2014/08/15 08:10:41 [error] [exception.CHttpException.404] exception 'CHttpException' with message 'Unable to resolve the request "robots.txt".' in /home/psadm2014/public_html/theantiagingplan.com/framework/web/CWebApplication.php:286
Stack trace:
#0 /home/psadm2014/public_html/theantiagingplan.com/framework/web/CWebApplication.php(141): CWebApplication->runController('robots.txt')
#1 /home/psadm2014/public_html/theantiagingplan.com/framework/base/CApplication.php(169): CWebApplication->processRequest()
#2 /home/psadm2014/public_html/theantiagingplan.com/index.php(13): CApplication->run()
#3 {main}
REQUEST_URI=/robots.txt
---
2014/08/15 15:23:36 [error] [exception.CHttpException.404] exception 'CHttpException' with message 'Unable to resolve the request "assets/js/html5shiv.js".' in /home/psadm2014/public_html/theantiagingplan.com/framework/web/CWebApplication.php:286
Stack trace:
#0 /home/psadm2014/public_html/theantiagingplan.com/framework/web/CWebApplication.php(141): CWebApplication->runController('assets/js/html5...')
#1 /home/psadm2014/public_html/theantiagingplan.com/framework/base/CApplication.php(169): CWebApplication->processRequest()
#2 /home/psadm2014/public_html/theantiagingplan.com/index.php(13): CApplication->run()
#3 {main}
REQUEST_URI=/assets/js/html5shiv.js
---
2014/08/15 20:10:09 [error] [exception.CHttpException.404] exception 'CHttpException' with message 'Unable to resolve the request "robots.txt".' in /home/psadm2014/public_html/theantiagingplan.com/framework/web/CWebApplication.php:286
Stack trace:
#0 /home/psadm2014/public_html/theantiagingplan.com/framework/web/CWebApplication.php(141): CWebApplication->runController('robots.txt')
#1 /home/psadm2014/public_html/theantiagingplan.com/framework/base/CApplication.php(169): CWebApplication->processRequest()
#2 /home/psadm2014/public_html/theantiagingplan.com/index.php(13): CApplication->run()
#3 {main}
REQUEST_URI=/robots.txt
---
2014/08/16 19:05:29 [error] [exception.CHttpException.404] exception 'CHttpException' with message 'Unable to resolve the request "assets/js/html5shiv.js".' in /home/psadm2014/public_html/theantiagingplan.com/framework/web/CWebApplication.php:286
Stack trace:
#0 /home/psadm2014/public_html/theantiagingplan.com/framework/web/CWebApplication.php(141): CWebApplication->runController('assets/js/html5...')
#1 /home/psadm2014/public_html/theantiagingplan.com/framework/base/CApplication.php(169): CWebApplication->processRequest()
#2 /home/psadm2014/public_html/theantiagingplan.com/index.php(13): CApplication->run()
#3 {main}
REQUEST_URI=/assets/js/html5shiv.js
HTTP_REFERER=http://www.theantiagingplan.com/
---
2014/08/17 10:39:46 [error] [exception.CHttpException.404] exception 'CHttpException' with message 'Unable to resolve the request "robots.txt".' in /home/psadm2014/public_html/theantiagingplan.com/framework/web/CWebApplication.php:286
Stack trace:
#0 /home/psadm2014/public_html/theantiagingplan.com/framework/web/CWebApplication.php(141): CWebApplication->runController('robots.txt')
#1 /home/psadm2014/public_html/theantiagingplan.com/framework/base/CApplication.php(169): CWebApplication->processRequest()
#2 /home/psadm2014/public_html/theantiagingplan.com/index.php(13): CApplication->run()
#3 {main}
REQUEST_URI=/robots.txt
---
2014/08/18 02:20:26 [error] [exception.CHttpException.404] exception 'CHttpException' with message 'Unable to resolve the request "robots.txt".' in /home/psadm2014/public_html/theantiagingplan.com/framework/web/CWebApplication.php:286
Stack trace:
#0 /home/psadm2014/public_html/theantiagingplan.com/framework/web/CWebApplication.php(141): CWebApplication->runController('robots.txt')
#1 /home/psadm2014/public_html/theantiagingplan.com/framework/base/CApplication.php(169): CWebApplication->processRequest()
#2 /home/psadm2014/public_html/theantiagingplan.com/index.php(13): CApplication->run()
#3 {main}
REQUEST_URI=/robots.txt
---
2014/08/18 19:53:00 [error] [exception.CHttpException.404] exception 'CHttpException' with message 'Unable to resolve the request "assets/js/html5shiv.js".' in /home/psadm2014/public_html/theantiagingplan.com/framework/web/CWebApplication.php:286
Stack trace:
#0 /home/psadm2014/public_html/theantiagingplan.com/framework/web/CWebApplication.php(141): CWebApplication->runController('assets/js/html5...')
#1 /home/psadm2014/public_html/theantiagingplan.com/framework/base/CApplication.php(169): CWebApplication->processRequest()
#2 /home/psadm2014/public_html/theantiagingplan.com/index.php(13): CApplication->run()
#3 {main}
REQUEST_URI=/assets/js/html5shiv.js
HTTP_REFERER=http://www.theantiagingplan.com/
---
2014/08/19 04:21:42 [error] [exception.CHttpException.404] exception 'CHttpException' with message 'Unable to resolve the request "robots.txt".' in /home/psadm2014/public_html/theantiagingplan.com/framework/web/CWebApplication.php:286
Stack trace:
#0 /home/psadm2014/public_html/theantiagingplan.com/framework/web/CWebApplication.php(141): CWebApplication->runController('robots.txt')
#1 /home/psadm2014/public_html/theantiagingplan.com/framework/base/CApplication.php(169): CWebApplication->processRequest()
#2 /home/psadm2014/public_html/theantiagingplan.com/index.php(13): CApplication->run()
#3 {main}
REQUEST_URI=/robots.txt
---
2014/08/19 10:56:36 [error] [exception.CHttpException.404] exception 'CHttpException' with message 'Unable to resolve the request "robots.txt".' in /home/psadm2014/public_html/theantiagingplan.com/framework/web/CWebApplication.php:286
Stack trace:
#0 /home/psadm2014/public_html/theantiagingplan.com/framework/web/CWebApplication.php(141): CWebApplication->runController('robots.txt')
#1 /home/psadm2014/public_html/theantiagingplan.com/framework/base/CApplication.php(169): CWebApplication->processRequest()
#2 /home/psadm2014/public_html/theantiagingplan.com/index.php(13): CApplication->run()
#3 {main}
REQUEST_URI=/robots.txt
---
2014/08/19 14:46:34 [error] [exception.CHttpException.404] exception 'CHttpException' with message 'Unable to resolve the request "wp-login.php".' in /home/psadm2014/public_html/theantiagingplan.com/framework/web/CWebApplication.php:286
Stack trace:
#0 /home/psadm2014/public_html/theantiagingplan.com/framework/web/CWebApplication.php(141): CWebApplication->runController('wp-login.php')
#1 /home/psadm2014/public_html/theantiagingplan.com/framework/base/CApplication.php(169): CWebApplication->processRequest()
#2 /home/psadm2014/public_html/theantiagingplan.com/index.php(13): CApplication->run()
#3 {main}
REQUEST_URI=/wp-login.php
---
2014/08/21 14:33:22 [error] [exception.CHttpException.404] exception 'CHttpException' with message 'Unable to resolve the request "robots.txt".' in /home/psadm2014/public_html/theantiagingplan.com/framework/web/CWebApplication.php:286
Stack trace:
#0 /home/psadm2014/public_html/theantiagingplan.com/framework/web/CWebApplication.php(141): CWebApplication->runController('robots.txt')
#1 /home/psadm2014/public_html/theantiagingplan.com/framework/base/CApplication.php(169): CWebApplication->processRequest()
#2 /home/psadm2014/public_html/theantiagingplan.com/index.php(13): CApplication->run()
#3 {main}
REQUEST_URI=/robots.txt
---
2014/08/21 15:18:14 [error] [exception.CHttpException.404] exception 'CHttpException' with message 'Unable to resolve the request "robots.txt".' in /home/psadm2014/public_html/theantiagingplan.com/framework/web/CWebApplication.php:286
Stack trace:
#0 /home/psadm2014/public_html/theantiagingplan.com/framework/web/CWebApplication.php(141): CWebApplication->runController('robots.txt')
#1 /home/psadm2014/public_html/theantiagingplan.com/framework/base/CApplication.php(169): CWebApplication->processRequest()
#2 /home/psadm2014/public_html/theantiagingplan.com/index.php(13): CApplication->run()
#3 {main}
REQUEST_URI=/robots.txt
---
2014/08/22 10:05:30 [error] [exception.CHttpException.404] exception 'CHttpException' with message 'Unable to resolve the request "robots.txt".' in /home/psadm2014/public_html/theantiagingplan.com/framework/web/CWebApplication.php:286
Stack trace:
#0 /home/psadm2014/public_html/theantiagingplan.com/framework/web/CWebApplication.php(141): CWebApplication->runController('robots.txt')
#1 /home/psadm2014/public_html/theantiagingplan.com/framework/base/CApplication.php(169): CWebApplication->processRequest()
#2 /home/psadm2014/public_html/theantiagingplan.com/index.php(13): CApplication->run()
#3 {main}
REQUEST_URI=/robots.txt
---
2014/08/22 18:56:08 [error] [exception.CHttpException.404] exception 'CHttpException' with message 'Unable to resolve the request "favicon.ico".' in /home/psadm2014/public_html/theantiagingplan.com/framework/web/CWebApplication.php:286
Stack trace:
#0 /home/psadm2014/public_html/theantiagingplan.com/framework/web/CWebApplication.php(141): CWebApplication->runController('favicon.ico')
#1 /home/psadm2014/public_html/theantiagingplan.com/framework/base/CApplication.php(169): CWebApplication->processRequest()
#2 /home/psadm2014/public_html/theantiagingplan.com/index.php(13): CApplication->run()
#3 {main}
REQUEST_URI=/favicon.ico
---
2014/08/22 18:56:08 [error] [exception.CHttpException.404] exception 'CHttpException' with message 'Unable to resolve the request "favicon.ico".' in /home/psadm2014/public_html/theantiagingplan.com/framework/web/CWebApplication.php:286
Stack trace:
#0 /home/psadm2014/public_html/theantiagingplan.com/framework/web/CWebApplication.php(141): CWebApplication->runController('favicon.ico')
#1 /home/psadm2014/public_html/theantiagingplan.com/framework/base/CApplication.php(169): CWebApplication->processRequest()
#2 /home/psadm2014/public_html/theantiagingplan.com/index.php(13): CApplication->run()
#3 {main}
REQUEST_URI=/favicon.ico
---
2014/08/22 19:00:09 [error] [exception.CHttpException.404] exception 'CHttpException' with message 'Unable to resolve the request "favicon.ico".' in /home/psadm2014/public_html/theantiagingplan.com/framework/web/CWebApplication.php:286
Stack trace:
#0 /home/psadm2014/public_html/theantiagingplan.com/framework/web/CWebApplication.php(141): CWebApplication->runController('favicon.ico')
#1 /home/psadm2014/public_html/theantiagingplan.com/framework/base/CApplication.php(169): CWebApplication->processRequest()
#2 /home/psadm2014/public_html/theantiagingplan.com/index.php(13): CApplication->run()
#3 {main}
REQUEST_URI=/favicon.ico
---
2014/08/22 19:00:09 [error] [exception.CHttpException.404] exception 'CHttpException' with message 'Unable to resolve the request "favicon.ico".' in /home/psadm2014/public_html/theantiagingplan.com/framework/web/CWebApplication.php:286
Stack trace:
#0 /home/psadm2014/public_html/theantiagingplan.com/framework/web/CWebApplication.php(141): CWebApplication->runController('favicon.ico')
#1 /home/psadm2014/public_html/theantiagingplan.com/framework/base/CApplication.php(169): CWebApplication->processRequest()
#2 /home/psadm2014/public_html/theantiagingplan.com/index.php(13): CApplication->run()
#3 {main}
REQUEST_URI=/favicon.ico
---
2014/08/22 19:15:40 [error] [exception.CHttpException.404] exception 'CHttpException' with message 'Unable to resolve the request "robots.txt".' in /home/psadm2014/public_html/theantiagingplan.com/framework/web/CWebApplication.php:286
Stack trace:
#0 /home/psadm2014/public_html/theantiagingplan.com/framework/web/CWebApplication.php(141): CWebApplication->runController('robots.txt')
#1 /home/psadm2014/public_html/theantiagingplan.com/framework/base/CApplication.php(169): CWebApplication->processRequest()
#2 /home/psadm2014/public_html/theantiagingplan.com/index.php(13): CApplication->run()
#3 {main}
REQUEST_URI=/robots.txt
---
2016/09/14 02:39:34 [error] [exception.CDbException] exception 'CDbException' with message 'CDbConnection failed to open the DB connection: SQLSTATE[HY000] [1045] Access denied for user 'ahmedhany'@'localhost' (using password: YES)' in C:\xampp\htdocs\yii-framework\framework\db\CDbConnection.php:381
Stack trace:
#0 C:\xampp\htdocs\yii-framework\framework\db\CDbConnection.php(330): CDbConnection->open()
#1 C:\xampp\htdocs\yii-framework\framework\db\CDbConnection.php(308): CDbConnection->setActive(true)
#2 C:\xampp\htdocs\yii-framework\framework\base\CModule.php(387): CDbConnection->init()
#3 C:\xampp\htdocs\yii-framework\framework\base\CApplication.php(438): CModule->getComponent('db')
#4 C:\xampp\htdocs\yii-framework\framework\db\ar\CActiveRecord.php(623): CApplication->getDb()
#5 C:\xampp\htdocs\yii-framework\framework\db\ar\CActiveRecord.php(2309): CActiveRecord->getDbConnection()
#6 C:\xampp\htdocs\yii-framework\framework\db\ar\CActiveRecord.php(387): CActiveRecordMetaData->__construct(Object(Settings))
#7 C:\xampp\htdocs\antiagingplan\protected\models\Settings.php(26): CActiveRecord::model('Settings')
#8 C:\xampp\htdocs\antiagingplan\protected\components\FrontController.php(28): Settings::model()
#9 C:\xampp\htdocs\yii-framework\framework\web\CWebApplication.php(281): FrontController->init()
#10 C:\xampp\htdocs\yii-framework\framework\web\CWebApplication.php(141): CWebApplication->runController('')
#11 C:\xampp\htdocs\yii-framework\framework\base\CApplication.php(169): CWebApplication->processRequest()
#12 C:\xampp\htdocs\antiagingplan\index.php(13): CApplication->run()
#13 {main}
REQUEST_URI=/antiagingplan/
---
2016/09/14 02:40:46 [error] [exception.CDbException] exception 'CDbException' with message 'CDbConnection failed to open the DB connection: SQLSTATE[HY000] [1045] Access denied for user 'ahmedhany'@'localhost' (using password: YES)' in C:\xampp\htdocs\yii-framework\framework\db\CDbConnection.php:381
Stack trace:
#0 C:\xampp\htdocs\yii-framework\framework\db\CDbConnection.php(330): CDbConnection->open()
#1 C:\xampp\htdocs\yii-framework\framework\db\CDbConnection.php(308): CDbConnection->setActive(true)
#2 C:\xampp\htdocs\yii-framework\framework\base\CModule.php(387): CDbConnection->init()
#3 C:\xampp\htdocs\yii-framework\framework\base\CApplication.php(438): CModule->getComponent('db')
#4 C:\xampp\htdocs\yii-framework\framework\db\ar\CActiveRecord.php(623): CApplication->getDb()
#5 C:\xampp\htdocs\yii-framework\framework\db\ar\CActiveRecord.php(2309): CActiveRecord->getDbConnection()
#6 C:\xampp\htdocs\yii-framework\framework\db\ar\CActiveRecord.php(387): CActiveRecordMetaData->__construct(Object(Settings))
#7 C:\xampp\htdocs\antiagingplan\protected\models\Settings.php(26): CActiveRecord::model('Settings')
#8 C:\xampp\htdocs\antiagingplan\protected\components\FrontController.php(28): Settings::model()
#9 C:\xampp\htdocs\yii-framework\framework\web\CWebApplication.php(281): FrontController->init()
#10 C:\xampp\htdocs\yii-framework\framework\web\CWebApplication.php(141): CWebApplication->runController('')
#11 C:\xampp\htdocs\yii-framework\framework\base\CApplication.php(169): CWebApplication->processRequest()
#12 C:\xampp\htdocs\antiagingplan\index.php(13): CApplication->run()
#13 {main}
REQUEST_URI=/antiagingplan/
---
2016/09/14 02:41:24 [error] [exception.CException] exception 'CException' with message 'CAssetManager.basePath "C:\xampp\htdocs\antiagingplan\assets" is invalid. Please make sure the directory exists and is writable by the Web server process.' in C:\xampp\htdocs\yii-framework\framework\web\CAssetManager.php:138
Stack trace:
#0 C:\xampp\htdocs\yii-framework\framework\web\CAssetManager.php(123): CAssetManager->setBasePath('C:\\xampp\\htdocs...')
#1 C:\xampp\htdocs\yii-framework\framework\web\CAssetManager.php(217): CAssetManager->getBasePath()
#2 C:\xampp\htdocs\antiagingplan\protected\extensions\bootstrap\components\Bootstrap.php(306): CAssetManager->publish('C:\\xampp\\htdocs...', true, -1, false)
#3 C:\xampp\htdocs\antiagingplan\protected\extensions\bootstrap\components\Bootstrap.php(50): Bootstrap->getAssetsUrl()
#4 C:\xampp\htdocs\antiagingplan\protected\extensions\bootstrap\components\Bootstrap.php(81): Bootstrap->registerCoreCss()
#5 C:\xampp\htdocs\antiagingplan\protected\extensions\bootstrap\components\Bootstrap.php(115): Bootstrap->registerAllCss()
#6 C:\xampp\htdocs\antiagingplan\protected\views\layouts\header.php(9): Bootstrap->register()
#7 C:\xampp\htdocs\yii-framework\framework\web\CBaseController.php(126): require('C:\\xampp\\htdocs...')
#8 C:\xampp\htdocs\yii-framework\framework\web\CBaseController.php(95): CBaseController->renderInternal('C:\\xampp\\htdocs...', Array, true)
#9 C:\xampp\htdocs\yii-framework\framework\web\widgets\CContentDecorator.php(76): CBaseController->renderFile('C:\\xampp\\htdocs...', Array, true)
#10 C:\xampp\htdocs\yii-framework\framework\web\widgets\CContentDecorator.php(54): CContentDecorator->decorate('')
#11 C:\xampp\htdocs\yii-framework\framework\web\widgets\COutputProcessor.php(44): CContentDecorator->processOutput('')
#12 C:\xampp\htdocs\yii-framework\framework\web\CBaseController.php(206): COutputProcessor->run()
#13 C:\xampp\htdocs\yii-framework\framework\web\CBaseController.php(300): CBaseController->endWidget('CContentDecorat...')
#14 C:\xampp\htdocs\antiagingplan\protected\views\layouts\main.php(3): CBaseController->endContent()
#15 C:\xampp\htdocs\yii-framework\framework\web\CBaseController.php(126): require('C:\\xampp\\htdocs...')
#16 C:\xampp\htdocs\yii-framework\framework\web\CBaseController.php(95): CBaseController->renderInternal('C:\\xampp\\htdocs...', Array, true)
#17 C:\xampp\htdocs\yii-framework\framework\web\CController.php(784): CBaseController->renderFile('C:\\xampp\\htdocs...', Array, true)
#18 C:\xampp\htdocs\antiagingplan\protected\controllers\HomeController.php(32): CController->render('index', Array)
#19 C:\xampp\htdocs\yii-framework\framework\web\actions\CInlineAction.php(49): HomeController->actionIndex()
#20 C:\xampp\htdocs\yii-framework\framework\web\CController.php(308): CInlineAction->runWithParams(Array)
#21 C:\xampp\htdocs\yii-framework\framework\web\CController.php(286): CController->runAction(Object(CInlineAction))
#22 C:\xampp\htdocs\yii-framework\framework\web\CController.php(265): CController->runActionWithFilters(Object(CInlineAction), Array)
#23 C:\xampp\htdocs\yii-framework\framework\web\CWebApplication.php(282): CController->run('')
#24 C:\xampp\htdocs\yii-framework\framework\web\CWebApplication.php(141): CWebApplication->runController('')
#25 C:\xampp\htdocs\yii-framework\framework\base\CApplication.php(169): CWebApplication->processRequest()
#26 C:\xampp\htdocs\antiagingplan\index.php(13): CApplication->run()
#27 {main}
REQUEST_URI=/antiagingplan/
---
2016/09/14 02:46:52 [error] [system.db.CDbCommand] CDbCommand::fetchAll() failed: SQLSTATE[42S02]: Base table or view not found: 1146 Table 'fitness.anti_settings' doesn't exist. The SQL statement executed was: SHOW FULL COLUMNS FROM `anti_settings`.
in C:\xampp\htdocs\antiagingplan\protected\models\Settings.php (26)
in C:\xampp\htdocs\antiagingplan\protected\components\FrontController.php (28)
in C:\xampp\htdocs\antiagingplan\index.php (13)
2016/09/14 02:46:52 [error] [exception.CDbException] exception 'CDbException' with message 'The table "{{settings}}" for active record class "Settings" cannot be found in the database.' in C:\xampp\htdocs\yii-framework\framework\db\ar\CActiveRecord.php:2310
Stack trace:
#0 C:\xampp\htdocs\yii-framework\framework\db\ar\CActiveRecord.php(387): CActiveRecordMetaData->__construct(Object(Settings))
#1 C:\xampp\htdocs\antiagingplan\protected\models\Settings.php(26): CActiveRecord::model('Settings')
#2 C:\xampp\htdocs\antiagingplan\protected\components\FrontController.php(28): Settings::model()
#3 C:\xampp\htdocs\yii-framework\framework\web\CWebApplication.php(281): FrontController->init()
#4 C:\xampp\htdocs\yii-framework\framework\web\CWebApplication.php(141): CWebApplication->runController('home/post')
#5 C:\xampp\htdocs\yii-framework\framework\base\CApplication.php(169): CWebApplication->processRequest()
#6 C:\xampp\htdocs\antiagingplan\index.php(13): CApplication->run()
#7 {main}
REQUEST_URI=/antiagingplan/home/post/article1
HTTP_REFERER=http://localhost/antiagingplan/home/about
---
2016/09/14 02:48:11 [error] [exception.CHttpException.404] exception 'CHttpException' with message 'The system is unable to find the requested action "antiagingplan".' in C:\xampp\htdocs\yii-framework\framework\web\CController.php:483
Stack trace:
#0 C:\xampp\htdocs\yii-framework\framework\web\CController.php(270): CController->missingAction('antiagingplan')
#1 C:\xampp\htdocs\yii-framework\framework\web\CWebApplication.php(282): CController->run('antiagingplan')
#2 C:\xampp\htdocs\yii-framework\framework\web\CWebApplication.php(141): CWebApplication->runController('newsletterMessa...')
#3 C:\xampp\htdocs\yii-framework\framework\base\CApplication.php(169): CWebApplication->processRequest()
#4 C:\xampp\htdocs\antiagingplan\index.php(13): CApplication->run()
#5 {main}
REQUEST_URI=/antiagingplan/index.php/newsletterMessage/antiagingplan/protected/extensions/eckeditor/ECKEdit5.phpckeditor.js?t=B8DJ5M3
HTTP_REFERER=http://localhost/antiagingplan/index.php/newsletterMessage/create
---
2016/09/14 02:48:12 [error] [exception.CHttpException.404] exception 'CHttpException' with message 'Unable to resolve the request "assets/e79b8b1c/contents.css".' in C:\xampp\htdocs\yii-framework\framework\web\CWebApplication.php:286
Stack trace:
#0 C:\xampp\htdocs\yii-framework\framework\web\CWebApplication.php(141): CWebApplication->runController('assets/e79b8b1c...')
#1 C:\xampp\htdocs\yii-framework\framework\base\CApplication.php(169): CWebApplication->processRequest()
#2 C:\xampp\htdocs\antiagingplan\index.php(13): CApplication->run()
#3 {main}
REQUEST_URI=/antiagingplan/assets/e79b8b1c/contents.css
HTTP_REFERER=http://localhost/antiagingplan/index.php/newsletterMessage/create
---
2018/04/23 17:45:20 [error] [exception.CDbException] exception 'CDbException' with message 'CDbConnection failed to open the DB connection: SQLSTATE[HY000] [1049] Unknown database 'fitness'' in C:\xampp\htdocs\Projects\freelance\yii-framework\framework\db\CDbConnection.php:381
Stack trace:
#0 C:\xampp\htdocs\Projects\freelance\yii-framework\framework\db\CDbConnection.php(330): CDbConnection->open()
#1 C:\xampp\htdocs\Projects\freelance\yii-framework\framework\db\CDbConnection.php(308): CDbConnection->setActive(true)
#2 C:\xampp\htdocs\Projects\freelance\yii-framework\framework\base\CModule.php(387): CDbConnection->init()
#3 C:\xampp\htdocs\Projects\freelance\yii-framework\framework\base\CApplication.php(438): CModule->getComponent('db')
#4 C:\xampp\htdocs\Projects\freelance\yii-framework\framework\db\ar\CActiveRecord.php(623): CApplication->getDb()
#5 C:\xampp\htdocs\Projects\freelance\yii-framework\framework\db\ar\CActiveRecord.php(2309): CActiveRecord->getDbConnection()
#6 C:\xampp\htdocs\Projects\freelance\yii-framework\framework\db\ar\CActiveRecord.php(387): CActiveRecordMetaData->__construct(Object(Settings))
#7 C:\xampp\htdocs\Projects\freelance\antiaging\protected\models\Settings.php(26): CActiveRecord::model('Settings')
#8 C:\xampp\htdocs\Projects\freelance\antiaging\protected\components\FrontController.php(28): Settings::model()
#9 C:\xampp\htdocs\Projects\freelance\yii-framework\framework\web\CWebApplication.php(281): FrontController->init()
#10 C:\xampp\htdocs\Projects\freelance\yii-framework\framework\web\CWebApplication.php(141): CWebApplication->runController('')
#11 C:\xampp\htdocs\Projects\freelance\yii-framework\framework\base\CApplication.php(169): CWebApplication->processRequest()
#12 C:\xampp\htdocs\Projects\freelance\antiaging\index.php(13): CApplication->run()
#13 {main}
REQUEST_URI=/Projects/freelance/antiaging/
HTTP_REFERER=http://localhost/Projects/freelance/
---
2018/04/23 17:46:11 [error] [system.db.CDbCommand] CDbCommand::fetchAll() failed: SQLSTATE[42S02]: Base table or view not found: 1146 Table 'fitness.anti_settings' doesn't exist. The SQL statement executed was: SHOW FULL COLUMNS FROM `anti_settings`.
in C:\xampp\htdocs\Projects\freelance\antiaging\protected\models\Settings.php (26)
in C:\xampp\htdocs\Projects\freelance\antiaging\protected\components\FrontController.php (28)
in C:\xampp\htdocs\Projects\freelance\antiaging\index.php (13)
2018/04/23 17:46:11 [error] [exception.CDbException] exception 'CDbException' with message 'The table "{{settings}}" for active record class "Settings" cannot be found in the database.' in C:\xampp\htdocs\Projects\freelance\yii-framework\framework\db\ar\CActiveRecord.php:2310
Stack trace:
#0 C:\xampp\htdocs\Projects\freelance\yii-framework\framework\db\ar\CActiveRecord.php(387): CActiveRecordMetaData->__construct(Object(Settings))
#1 C:\xampp\htdocs\Projects\freelance\antiaging\protected\models\Settings.php(26): CActiveRecord::model('Settings')
#2 C:\xampp\htdocs\Projects\freelance\antiaging\protected\components\FrontController.php(28): Settings::model()
#3 C:\xampp\htdocs\Projects\freelance\yii-framework\framework\web\CWebApplication.php(281): FrontController->init()
#4 C:\xampp\htdocs\Projects\freelance\yii-framework\framework\web\CWebApplication.php(141): CWebApplication->runController('')
#5 C:\xampp\htdocs\Projects\freelance\yii-framework\framework\base\CApplication.php(169): CWebApplication->processRequest()
#6 C:\xampp\htdocs\Projects\freelance\antiaging\index.php(13): CApplication->run()
#7 {main}
REQUEST_URI=/Projects/freelance/antiaging/
HTTP_REFERER=http://localhost/Projects/freelance/
---
2018/04/23 17:46:13 [error] [system.db.CDbCommand] CDbCommand::fetchAll() failed: SQLSTATE[42S02]: Base table or view not found: 1146 Table 'fitness.anti_settings' doesn't exist. The SQL statement executed was: SHOW FULL COLUMNS FROM `anti_settings`.
in C:\xampp\htdocs\Projects\freelance\antiaging\protected\models\Settings.php (26)
in C:\xampp\htdocs\Projects\freelance\antiaging\protected\components\FrontController.php (28)
in C:\xampp\htdocs\Projects\freelance\antiaging\index.php (13)
2018/04/23 17:46:13 [error] [exception.CDbException] exception 'CDbException' with message 'The table "{{settings}}" for active record class "Settings" cannot be found in the database.' in C:\xampp\htdocs\Projects\freelance\yii-framework\framework\db\ar\CActiveRecord.php:2310
Stack trace:
#0 C:\xampp\htdocs\Projects\freelance\yii-framework\framework\db\ar\CActiveRecord.php(387): CActiveRecordMetaData->__construct(Object(Settings))
#1 C:\xampp\htdocs\Projects\freelance\antiaging\protected\models\Settings.php(26): CActiveRecord::model('Settings')
#2 C:\xampp\htdocs\Projects\freelance\antiaging\protected\components\FrontController.php(28): Settings::model()
#3 C:\xampp\htdocs\Projects\freelance\yii-framework\framework\web\CWebApplication.php(281): FrontController->init()
#4 C:\xampp\htdocs\Projects\freelance\yii-framework\framework\web\CWebApplication.php(141): CWebApplication->runController('')
#5 C:\xampp\htdocs\Projects\freelance\yii-framework\framework\base\CApplication.php(169): CWebApplication->processRequest()
#6 C:\xampp\htdocs\Projects\freelance\antiaging\index.php(13): CApplication->run()
#7 {main}
REQUEST_URI=/Projects/freelance/antiaging/
HTTP_REFERER=http://localhost/Projects/freelance/
---
2018/04/23 17:46:14 [error] [system.db.CDbCommand] CDbCommand::fetchAll() failed: SQLSTATE[42S02]: Base table or view not found: 1146 Table 'fitness.anti_settings' doesn't exist. The SQL statement executed was: SHOW FULL COLUMNS FROM `anti_settings`.
in C:\xampp\htdocs\Projects\freelance\antiaging\protected\models\Settings.php (26)
in C:\xampp\htdocs\Projects\freelance\antiaging\protected\components\FrontController.php (28)
in C:\xampp\htdocs\Projects\freelance\antiaging\index.php (13)
2018/04/23 17:46:14 [error] [exception.CDbException] exception 'CDbException' with message 'The table "{{settings}}" for active record class "Settings" cannot be found in the database.' in C:\xampp\htdocs\Projects\freelance\yii-framework\framework\db\ar\CActiveRecord.php:2310
Stack trace:
#0 C:\xampp\htdocs\Projects\freelance\yii-framework\framework\db\ar\CActiveRecord.php(387): CActiveRecordMetaData->__construct(Object(Settings))
#1 C:\xampp\htdocs\Projects\freelance\antiaging\protected\models\Settings.php(26): CActiveRecord::model('Settings')
#2 C:\xampp\htdocs\Projects\freelance\antiaging\protected\components\FrontController.php(28): Settings::model()
#3 C:\xampp\htdocs\Projects\freelance\yii-framework\framework\web\CWebApplication.php(281): FrontController->init()
#4 C:\xampp\htdocs\Projects\freelance\yii-framework\framework\web\CWebApplication.php(141): CWebApplication->runController('')
#5 C:\xampp\htdocs\Projects\freelance\yii-framework\framework\base\CApplication.php(169): CWebApplication->processRequest()
#6 C:\xampp\htdocs\Projects\freelance\antiaging\index.php(13): CApplication->run()
#7 {main}
REQUEST_URI=/Projects/freelance/antiaging/
HTTP_REFERER=http://localhost/Projects/freelance/
---
2018/04/23 17:46:14 [error] [system.db.CDbCommand] CDbCommand::fetchAll() failed: SQLSTATE[42S02]: Base table or view not found: 1146 Table 'fitness.anti_settings' doesn't exist. The SQL statement executed was: SHOW FULL COLUMNS FROM `anti_settings`.
in C:\xampp\htdocs\Projects\freelance\antiaging\protected\models\Settings.php (26)
in C:\xampp\htdocs\Projects\freelance\antiaging\protected\components\FrontController.php (28)
in C:\xampp\htdocs\Projects\freelance\antiaging\index.php (13)
2018/04/23 17:46:14 [error] [exception.CDbException] exception 'CDbException' with message 'The table "{{settings}}" for active record class "Settings" cannot be found in the database.' in C:\xampp\htdocs\Projects\freelance\yii-framework\framework\db\ar\CActiveRecord.php:2310
Stack trace:
#0 C:\xampp\htdocs\Projects\freelance\yii-framework\framework\db\ar\CActiveRecord.php(387): CActiveRecordMetaData->__construct(Object(Settings))
#1 C:\xampp\htdocs\Projects\freelance\antiaging\protected\models\Settings.php(26): CActiveRecord::model('Settings')
#2 C:\xampp\htdocs\Projects\freelance\antiaging\protected\components\FrontController.php(28): Settings::model()
#3 C:\xampp\htdocs\Projects\freelance\yii-framework\framework\web\CWebApplication.php(281): FrontController->init()
#4 C:\xampp\htdocs\Projects\freelance\yii-framework\framework\web\CWebApplication.php(141): CWebApplication->runController('')
#5 C:\xampp\htdocs\Projects\freelance\yii-framework\framework\base\CApplication.php(169): CWebApplication->processRequest()
#6 C:\xampp\htdocs\Projects\freelance\antiaging\index.php(13): CApplication->run()
#7 {main}
REQUEST_URI=/Projects/freelance/antiaging/
HTTP_REFERER=http://localhost/Projects/freelance/
---
2018/04/23 17:46:16 [error] [php] mkdir(): File exists (C:\xampp\htdocs\Projects\freelance\yii-framework\framework\utils\CFileHelper.php:287)
Stack trace:
#0 C:\xampp\htdocs\Projects\freelance\yii-framework\framework\web\CAssetManager.php(251): copyDirectory()
#1 C:\xampp\htdocs\Projects\freelance\antiaging\protected\extensions\bootstrap\components\Bootstrap.php(306): CAssetManager->publish()
#2 C:\xampp\htdocs\Projects\freelance\antiaging\protected\extensions\bootstrap\components\Bootstrap.php(50): Bootstrap->getAssetsUrl()
#3 C:\xampp\htdocs\Projects\freelance\antiaging\protected\extensions\bootstrap\components\Bootstrap.php(81): Bootstrap->registerCoreCss()
#4 C:\xampp\htdocs\Projects\freelance\antiaging\protected\extensions\bootstrap\components\Bootstrap.php(115): Bootstrap->registerAllCss()
#5 C:\xampp\htdocs\Projects\freelance\antiaging\protected\views\layouts\header.php(9): Bootstrap->register()
#6 C:\xampp\htdocs\Projects\freelance\yii-framework\framework\web\CBaseController.php(126): require()
#7 C:\xampp\htdocs\Projects\freelance\yii-framework\framework\web\CBaseController.php(95): HomeController->renderInternal()
#8 C:\xampp\htdocs\Projects\freelance\yii-framework\framework\web\widgets\CContentDecorator.php(76): HomeController->renderFile()
#9 C:\xampp\htdocs\Projects\freelance\yii-framework\framework\web\widgets\CContentDecorator.php(54): CContentDecorator->decorate()
#10 C:\xampp\htdocs\Projects\freelance\yii-framework\framework\web\widgets\COutputProcessor.php(44): CContentDecorator->processOutput()
#11 C:\xampp\htdocs\Projects\freelance\yii-framework\framework\web\CBaseController.php(206): CContentDecorator->run()
#12 C:\xampp\htdocs\Projects\freelance\yii-framework\framework\web\CBaseController.php(300): HomeController->endWidget()
#13 C:\xampp\htdocs\Projects\freelance\antiaging\protected\views\layouts\main.php(3): HomeController->endContent()
#14 C:\xampp\htdocs\Projects\freelance\yii-framework\framework\web\CBaseController.php(126): require()
#15 C:\xampp\htdocs\Projects\freelance\yii-framework\framework\web\CBaseController.php(95): HomeController->renderInternal()
#16 C:\xampp\htdocs\Projects\freelance\yii-framework\framework\web\CController.php(784): HomeController->renderFile()
#17 C:\xampp\htdocs\Projects\freelance\antiaging\protected\controllers\HomeController.php(32): HomeController->render()
#18 C:\xampp\htdocs\Projects\freelance\yii-framework\framework\web\actions\CInlineAction.php(49): HomeController->actionIndex()
#19 C:\xampp\htdocs\Projects\freelance\yii-framework\framework\web\CController.php(308): CInlineAction->runWithParams()
#20 C:\xampp\htdocs\Projects\freelance\yii-framework\framework\web\CController.php(286): HomeController->runAction()
#21 C:\xampp\htdocs\Projects\freelance\yii-framework\framework\web\CController.php(265): HomeController->runActionWithFilters()
#22 C:\xampp\htdocs\Projects\freelance\yii-framework\framework\web\CWebApplication.php(282): HomeController->run()
#23 C:\xampp\htdocs\Projects\freelance\yii-framework\framework\web\CWebApplication.php(141): CWebApplication->runController()
#24 C:\xampp\htdocs\Projects\freelance\yii-framework\framework\base\CApplication.php(169): CWebApplication->processRequest()
#25 C:\xampp\htdocs\Projects\freelance\antiaging\index.php(13): CWebApplication->run()
REQUEST_URI=/Projects/freelance/antiaging/
in C:\xampp\htdocs\Projects\freelance\antiaging\protected\extensions\bootstrap\components\Bootstrap.php (306)
in C:\xampp\htdocs\Projects\freelance\antiaging\protected\extensions\bootstrap\components\Bootstrap.php (50)
in C:\xampp\htdocs\Projects\freelance\antiaging\protected\extensions\bootstrap\components\Bootstrap.php (81)
